<?xml version="1.0" encoding="UTF-8"?>
<testng-results ignored="0" total="1" passed="1" failed="0" skipped="0">
  <reporter-output>
  </reporter-output>
  <suite started-at="2023-11-03T20:18:40 IST" name="Default suite" finished-at="2023-11-03T20:18:40 IST" duration-ms="56">
    <groups>
    </groups>
    <test started-at="2023-11-03T20:18:40 IST" name="Default test" finished-at="2023-11-03T20:18:40 IST" duration-ms="56">
      <class name="seleniumBasics.LaunchOfTheApplication">
        <test-method signature="sampleTestCase()[pri:0, instance:seleniumBasics.LaunchOfTheApplication@273e7444]" started-at="2023-11-03T20:18:40 IST" name="sampleTestCase" finished-at="2023-11-03T20:18:40 IST" duration-ms="11" status="PASS">
          <reporter-output>
          </reporter-output>
        </test-method> <!-- sampleTestCase -->
      </class> <!-- seleniumBasics.LaunchOfTheApplication -->
    </test> <!-- Default test -->
  </suite> <!-- Default suite -->
</testng-results>
